<?xml version="1.0" encoding="UTF-8" ?>
<testsuite errors="7" failures="0" hostname="yingzhi-quan" name="com.quanlei.test.OneToManyTest" tests="7" time="0.346" timestamp="2011-11-10T09:39:35">
  <properties>
    <property name="libs.jsp-compiler.javadoc" value="" />
    <property name="netbeans.autoupdate.country" value="" />
    <property name="javax.xml.parsers.SAXParserFactory" value="com.sun.org.apache.xerces.internal.jaxp.SAXParserFactoryImpl" />
    <property name="javac.test.classpath" value="../../Projects/budget-mgmt/trunk/libs/commons-io-1.4.jar:../../Projects/budget-mgmt/trunk/libs/hibernate-3.5.2/antlr-2.7.6.jar:../../Projects/budget-mgmt/trunk/libs/hibernate-3.5.2/cglib-2.2.jar:../../Projects/budget-mgmt/trunk/libs/hibernate-3.5.2/commons-collections-3.1.jar:../../Projects/budget-mgmt/trunk/libs/hibernate-3.5.2/dom4j-1.6.1.jar:../../Projects/budget-mgmt/trunk/libs/hibernate-3.5.2/hibernate-jpa-2.0-api-1.0.0.Final.jar:../../Projects/budget-mgmt/trunk/libs/hibernate-3.5.2/hibernate3.jar:../../Projects/budget-mgmt/trunk/libs/hibernate-3.5.2/javassist-3.9.0.GA.jar:../../Projects/budget-mgmt/trunk/libs/hibernate-3.5.2/jta-1.1.jar:../../Projects/budget-mgmt/trunk/libs/hibernate-3.5.2/slf4j-api-1.6.1.jar:../../Projects/budget-mgmt/trunk/libs/hibernate-3.5.2/slf4j-log4j12-1.6.1.jar:../../Projects/budget-mgmt/trunk/libs/commons-logging-1.1.1.jar:../../Projects/budget-mgmt/trunk/libs/mysql-connector-java-5.1.6-bin.jar:build/classes:C:\Users\viao-quan\.netbeans\7.0\modules\ext\junit-4.8.2.jar" />
    <property name="libs.jsf20.maven-pom" value="" />
    <property name="ant.file.type.jpa-demo-impl" value="file" />
    <property name="libs.JasperReports.javadoc" value="" />
    <property name="libs.junit.javadoc" value="C:\Users\viao-quan\.netbeans\7.0\docs\junit-3.8.2-api.zip" />
    <property name="ant.core.lib" value="C:\Program Files\NetBeans 7.0.1\java\ant\lib\ant.jar" />
    <property name="libs.swing-app-framework.src" value="" />
    <property name="javadoc.windowtitle" value="" />
    <property name="libs.toplink.classpath" value="C:\Program Files\NetBeans 7.0.1\java\modules\ext\toplink\toplink-essentials.jar;C:\Program Files\NetBeans 7.0.1\java\modules\ext\toplink\toplink-essentials-agent.jar" />
    <property name="libs.jsp-compilation.javadoc" value="" />
    <property name="user.dir" value="D:\NetBeansProject\jpa-demo" />
    <property name="libs.hibernate-persistence.javadoc" value="" />
    <property name="java.vm.version" value="20.2-b06" />
    <property name="libs.jstl11.maven-pom" value="" />
    <property name="file.reference.hibernate-jpa-2.0-api-1.0.0.Final.jar" value="../../Projects/budget-mgmt/trunk/libs/hibernate-3.5.2/hibernate-jpa-2.0-api-1.0.0.Final.jar" />
    <property name="libs.JasperReports.src" value="" />
    <property name="libs.MySQLDriver.classpath" value="C:\Program Files\NetBeans 7.0.1\ide\modules\ext\mysql-connector-java-5.1.13-bin.jar" />
    <property name="libs.eclipselinkmodelgen.src" value="" />
    <property name="libs.jstl11.src" value="" />
    <property name="javadoc.notree" value="false" />
    <property name="netbeans.autoupdate.version" value="1.23" />
    <property name="libs.javaee-web-api-6.0.classpath" value="C:\Program Files\NetBeans 7.0.1\enterprise\modules\ext\javaee-web-api-6.0.jar" />
    <property name="libs.hibernate-support.maven-pom" value="" />
    <property name="libs.hibernate-support.javadoc" value="" />
    <property name="jdk.home" value="C:\Program Files\Java\jdk1.6.0_27" />
    <property name="libs.javac-api.src" value="" />
    <property name="javadoc.noindex" value="false" />
    <property name="sun.os.patch.level" value="Service Pack 1" />
    <property name="do.archive+manifest.available" value="true" />
    <property name="java.vm.specification.name" value="Java Virtual Machine Specification" />
    <property name="nb.show.statistics.ui" value="usageStatisticsEnabled" />
    <property name="file.reference.cglib-2.2.jar" value="../../Projects/budget-mgmt/trunk/libs/hibernate-3.5.2/cglib-2.2.jar" />
    <property name="netbeans.autoupdate.variant" value="" />
    <property name="have.tests" value="true" />
    <property name="org.xml.sax.driver" value="com.sun.org.apache.xerces.internal.jaxp.SAXParserImpl$JAXPSAXParser" />
    <property name="libs.javac-api.javadoc" value="" />
    <property name="os.name" value="Windows 7" />
    <property name="libs.beans-binding.classpath" value="C:\Program Files\NetBeans 7.0.1\java\modules\ext\beansbinding-1.2.1.jar" />
    <property name="ap.proc.none.internal" value="" />
    <property name="libs.restapi.javadoc" value="C:\Program Files\NetBeans 7.0.1\enterprise\docs\jsr311-api-1.1.1-javadoc.zip" />
    <property name="libs.JWSAntTasks.maven-pom" value="" />
    <property name="libs.spring-webmvc3.0.src" value="" />
    <property name="libs.restapi.classpath" value="C:\Program Files\NetBeans 7.0.1\enterprise\modules\ext\rest\jsr311-api-1.1.1.jar" />
    <property name="java.vendor.url.bug" value="http://java.sun.com/cgi-bin/bugreport.cgi" />
    <property name="libs.jaxb.maven-pom" value="" />
    <property name="os.arch" value="amd64" />
    <property name="libs.eclipselink.src" value="" />
    <property name="user.name" value="viao-quan" />
    <property name="libs.jsf12.javadoc" value="C:\Program Files\NetBeans 7.0.1\enterprise\docs\javaee6-doc-api.zip" />
    <property name="libs.Comet-GlassFish-v3.javadoc" value="" />
    <property name="manifest.available+main.class" value="true" />
    <property name="javax.xml.datatype.DatatypeFactory" value="com.sun.org.apache.xerces.internal.jaxp.datatype.DatatypeFactoryImpl" />
    <property name="libs.spring-webmvc3.0.maven-pom" value="" />
    <property name="libs.swing-layout.maven-pom" value="" />
    <property name="sun.java.command" value="org.apache.tools.ant.taskdefs.optional.junit.JUnitTestRunner com.quanlei.test.OneToManyTest filtertrace=true haltOnError=false haltOnFailure=false showoutput=true outputtoformatters=true logfailedtests=true logtestlistenerevents=true formatter=org.apache.tools.ant.taskdefs.optional.junit.BriefJUnitResultFormatter formatter=org.apache.tools.ant.taskdefs.optional.junit.XMLJUnitResultFormatter,D:\NetBeansProject\jpa-demo\build\test\results\TEST-com.quanlei.test.OneToManyTest.xml crashfile=D:\NetBeansProject\jpa-demo\build\junitvmwatcher2324355511726323776.properties propsfile=D:\NetBeansProject\jpa-demo\build\junit6853173680301225339.properties" />
    <property name="build.classes.dir" value="build/classes" />
    <property name="netbeans.accept_license_class" value="org.netbeans.license.AcceptLicense" />
    <property name="build.sysclasspath" value="ignore" />
    <property name="ap.supported.internal" value="true" />
    <property name="libs.jaxws21.javadoc" value="C:\Program Files\NetBeans 7.0.1\java\docs\jaxws-api-doc.zip" />
    <property name="includes" value="**" />
    <property name="javax.xml.parsers.DocumentBuilderFactory" value="com.sun.org.apache.xerces.internal.jaxp.DocumentBuilderFactoryImpl" />
    <property name="user.country" value="CN" />
    <property name="manifest.file" value="manifest.mf" />
    <property name="libs.jstl11.javadoc" value="C:\Program Files\NetBeans 7.0.1\enterprise\docs\javaee6-doc-api.zip" />
    <property name="javadoc.encoding" value="UTF-8" />
    <property name="javac.classpath" value="../../Projects/budget-mgmt/trunk/libs/commons-io-1.4.jar:../../Projects/budget-mgmt/trunk/libs/hibernate-3.5.2/antlr-2.7.6.jar:../../Projects/budget-mgmt/trunk/libs/hibernate-3.5.2/cglib-2.2.jar:../../Projects/budget-mgmt/trunk/libs/hibernate-3.5.2/commons-collections-3.1.jar:../../Projects/budget-mgmt/trunk/libs/hibernate-3.5.2/dom4j-1.6.1.jar:../../Projects/budget-mgmt/trunk/libs/hibernate-3.5.2/hibernate-jpa-2.0-api-1.0.0.Final.jar:../../Projects/budget-mgmt/trunk/libs/hibernate-3.5.2/hibernate3.jar:../../Projects/budget-mgmt/trunk/libs/hibernate-3.5.2/javassist-3.9.0.GA.jar:../../Projects/budget-mgmt/trunk/libs/hibernate-3.5.2/jta-1.1.jar:../../Projects/budget-mgmt/trunk/libs/hibernate-3.5.2/slf4j-api-1.6.1.jar:../../Projects/budget-mgmt/trunk/libs/hibernate-3.5.2/slf4j-log4j12-1.6.1.jar:../../Projects/budget-mgmt/trunk/libs/commons-logging-1.1.1.jar:../../Projects/budget-mgmt/trunk/libs/mysql-connector-java-5.1.6-bin.jar" />
    <property name="libs.jsp-compilation-syscp.src" value="" />
    <property name="libs.JAVADB_DRIVER_LABEL.src" value="" />
    <property name="debug-transport" value="dt_shmem" />
    <property name="netbeans.home" value="C:\Program Files\NetBeans 7.0.1\platform" />
    <property name="build.compiler.emacs" value="true" />
    <property name="libs.javaee-web-api-6.0.src" value="" />
    <property name="libs.ejb3-persistence.src" value="" />
    <property name="libs.jsp-compilation-syscp.classpath" value="C:\Program Files\NetBeans 7.0.1\java\ant\lib\ant.jar;C:\Program Files\NetBeans 7.0.1\enterprise\modules\ext\servlet3.0-jsp2.2-api.jar;C:\Program Files\NetBeans 7.0.1\enterprise\modules\ext\glassfish-jspparser-3.0.jar;C:\Program Files\NetBeans 7.0.1\enterprise\modules\ext\standard.jar;C:\Program Files\NetBeans 7.0.1\enterprise\modules\ext\jsf-2_1\jsf-impl.jar" />
    <property name="java.endorsed.dirs" value="C:\Program Files\Java\jdk1.6.0_27\jre\lib\endorsed" />
    <property name="libs.Comet-GlassFish-v3.maven-pom" value="" />
    <property name="netbeans.dynamic.classpath" value="C:\Program Files\NetBeans 7.0.1\platform\core\core.jar;C:\Program Files\NetBeans 7.0.1\platform\core\org-openide-filesystems.jar;C:\Program Files\NetBeans 7.0.1\platform\core\locale\core_ja.jar;C:\Program Files\NetBeans 7.0.1\platform\core\locale\core_pt_BR.jar;C:\Program Files\NetBeans 7.0.1\platform\core\locale\core_ru.jar;C:\Program Files\NetBeans 7.0.1\platform\core\locale\core_zh_CN.jar;C:\Program Files\NetBeans 7.0.1\platform\core\locale\org-openide-filesystems_ja.jar;C:\Program Files\NetBeans 7.0.1\platform\core\locale\org-openide-filesystems_pt_BR.jar;C:\Program Files\NetBeans 7.0.1\platform\core\locale\org-openide-filesystems_ru.jar;C:\Program Files\NetBeans 7.0.1\platform\core\locale\org-openide-filesystems_zh_CN.jar;C:\Program Files\NetBeans 7.0.1\nb\core\org-netbeans-upgrader.jar;C:\Program Files\NetBeans 7.0.1\nb\core\locale\core_nb.jar;C:\Program Files\NetBeans 7.0.1\nb\core\locale\core_nb_ja.jar;C:\Program Files\NetBeans 7.0.1\nb\core\locale\core_nb_pt_BR.jar;C:\Program Files\NetBeans 7.0.1\nb\core\locale\core_nb_ru.jar;C:\Program Files\NetBeans 7.0.1\nb\core\locale\core_nb_zh_CN.jar;C:\Program Files\NetBeans 7.0.1\nb\core\locale\org-netbeans-upgrader_ja.jar;C:\Program Files\NetBeans 7.0.1\nb\core\locale\org-netbeans-upgrader_pt_BR.jar;C:\Program Files\NetBeans 7.0.1\nb\core\locale\org-netbeans-upgrader_ru.jar;C:\Program Files\NetBeans 7.0.1\nb\core\locale\org-netbeans-upgrader_zh_CN.jar" />
    <property name="java.vm.specification.version" value="1.0" />
    <property name="libs.primefaces.classpath" value="C:\Program Files\NetBeans 7.0.1\enterprise\modules\ext\primefaces\primefaces-2.2.1.jar" />
    <property name="libs.javaee-api-6.0.classpath" value="C:\Program Files\NetBeans 7.0.1\enterprise\modules\ext\javaee-api-6.0.jar" />
    <property name="libs.hibernate-persistence.classpath" value="C:\Program Files\NetBeans 7.0.1\java\modules\ext\hibernate\antlr-2.7.6.jar;C:\Program Files\NetBeans 7.0.1\java\modules\ext\hibernate\asm.jar;C:\Program Files\NetBeans 7.0.1\java\modules\ext\hibernate\asm-attrs.jar;C:\Program Files\NetBeans 7.0.1\java\modules\ext\hibernate\cglib-2.1.3.jar;C:\Program Files\NetBeans 7.0.1\java\modules\ext\hibernate\commons-collections-2.1.1.jar;C:\Program Files\NetBeans 7.0.1\ide\modules\ext\commons-logging-1.1.jar;C:\Program Files\NetBeans 7.0.1\java\modules\ext\hibernate\dom4j-1.6.1.jar;C:\Program Files\NetBeans 7.0.1\java\modules\ext\hibernate\ehcache-1.2.3.jar;C:\Program Files\NetBeans 7.0.1\java\modules\ext\hibernate\jdbc2_0-stdext.jar;C:\Program Files\NetBeans 7.0.1\java\modules\ext\hibernate\jta.jar;C:\Program Files\NetBeans 7.0.1\java\modules\ext\hibernate\hibernate3.jar;C:\Program Files\NetBeans 7.0.1\java\modules\ext\hibernate\hibernate-tools.jar;C:\Program Files\NetBeans 7.0.1\java\modules\ext\hibernate\hibernate-annotations.jar;C:\Program Files\NetBeans 7.0.1\java\modules\ext\hibernate\hibernate-commons-annotations.jar;C:\Program Files\NetBeans 7.0.1\java\modules\ext\hibernate\hibernate-entitymanager.jar;C:\Program Files\NetBeans 7.0.1\java\modules\ext\hibernate\javassist.jar;C:\Program Files\NetBeans 7.0.1\java\modules\ext\hibernate\ejb3-persistence.jar" />
    <property name="libs.jaxws21.src" value="" />
    <property name="application.title" value="jpa-demo" />
    <property name="do.archive" value="true" />
    <property name="libs.swing-app-framework.classpath" value="C:\Program Files\NetBeans 7.0.1\java\modules\ext\appframework-1.0.3.jar;C:\Program Files\NetBeans 7.0.1\java\modules\ext\swing-worker-1.1.jar" />
    <property name="file.reference.dom4j-1.6.1.jar" value="../../Projects/budget-mgmt/trunk/libs/hibernate-3.5.2/dom4j-1.6.1.jar" />
    <property name="netbeans.autoupdate.language" value="en_us" />
    <property name="java.vendor" value="Sun Microsystems Inc." />
    <property name="libs.javaee-api-6.0.javadoc" value="C:\Program Files\NetBeans 7.0.1\enterprise\docs\javaee6-doc-api.zip" />
    <property name="jar.index.metainf" value="false" />
    <property name="file.reference.commons-io-1.4.jar" value="../../Projects/budget-mgmt/trunk/libs/commons-io-1.4.jar" />
    <property name="javac.debug" value="true" />
    <property name="javadoc.splitindex" value="true" />
    <property name="file.separator" value="\" />
    <property name="libs.junit_4.maven-pom" value="" />
    <property name="mkdist.disabled" value="false" />
    <property name="javac.test.processorpath" value="../../Projects/budget-mgmt/trunk/libs/commons-io-1.4.jar:../../Projects/budget-mgmt/trunk/libs/hibernate-3.5.2/antlr-2.7.6.jar:../../Projects/budget-mgmt/trunk/libs/hibernate-3.5.2/cglib-2.2.jar:../../Projects/budget-mgmt/trunk/libs/hibernate-3.5.2/commons-collections-3.1.jar:../../Projects/budget-mgmt/trunk/libs/hibernate-3.5.2/dom4j-1.6.1.jar:../../Projects/budget-mgmt/trunk/libs/hibernate-3.5.2/hibernate-jpa-2.0-api-1.0.0.Final.jar:../../Projects/budget-mgmt/trunk/libs/hibernate-3.5.2/hibernate3.jar:../../Projects/budget-mgmt/trunk/libs/hibernate-3.5.2/javassist-3.9.0.GA.jar:../../Projects/budget-mgmt/trunk/libs/hibernate-3.5.2/jta-1.1.jar:../../Projects/budget-mgmt/trunk/libs/hibernate-3.5.2/slf4j-api-1.6.1.jar:../../Projects/budget-mgmt/trunk/libs/hibernate-3.5.2/slf4j-log4j12-1.6.1.jar:../../Projects/budget-mgmt/trunk/libs/commons-logging-1.1.1.jar:../../Projects/budget-mgmt/trunk/libs/mysql-connector-java-5.1.6-bin.jar:build/classes:C:\Users\viao-quan\.netbeans\7.0\modules\ext\junit-4.8.2.jar" />
    <property name="netbeans.buildnumber" value="201107282000" />
    <property name="libs.JWSAntTasks.javadoc" value="" />
    <property name="build.generated.sources.dir" value="build/generated-sources" />
    <property name="user.variant" value="" />
    <property name="libs.eclipselinkmodelgen.classpath" value="C:\Program Files\NetBeans 7.0.1\java\modules\ext\eclipselink\eclipselink-jpa-modelgen-2.2.0.jar" />
    <property name="sun.java.launcher" value="SUN_STANDARD" />
    <property name="libs.junit.classpath" value="C:\Users\viao-quan\.netbeans\7.0\modules\ext\junit-3.8.2.jar" />
    <property name="libs.jaxb.javadoc" value="C:\Program Files\NetBeans 7.0.1\ide\docs\jaxb-api-doc.zip" />
    <property name="libs.struts.classpath" value="C:\Program Files\NetBeans 7.0.1\enterprise\modules\ext\struts\antlr-2.7.2.jar;C:\Program Files\NetBeans 7.0.1\enterprise\modules\ext\struts\bsf-2.3.0.jar;C:\Program Files\NetBeans 7.0.1\enterprise\modules\ext\struts\commons-beanutils-1.7.0.jar;C:\Program Files\NetBeans 7.0.1\enterprise\modules\ext\struts\commons-chain-1.1.jar;C:\Program Files\NetBeans 7.0.1\enterprise\modules\ext\struts\commons-digester-1.8.jar;C:\Program Files\NetBeans 7.0.1\enterprise\modules\ext\struts\commons-fileupload-1.1.1.jar;C:\Program Files\NetBeans 7.0.1\enterprise\modules\ext\struts\commons-io-1.1.jar;C:\Program Files\NetBeans 7.0.1\enterprise\modules\ext\struts\commons-logging-1.0.4.jar;C:\Program Files\NetBeans 7.0.1\enterprise\modules\ext\struts\commons-validator-1.3.1.jar;C:\Program Files\NetBeans 7.0.1\enterprise\modules\ext\struts\jstl-1.0.2.jar;C:\Program Files\NetBeans 7.0.1\enterprise\modules\ext\struts\oro-2.0.8.jar;C:\Program Files\NetBeans 7.0.1\enterprise\modules\ext\struts\standard-1.0.2.jar;C:\Program Files\NetBeans 7.0.1\enterprise\modules\ext\struts\struts-core-1.3.8.jar;C:\Program Files\NetBeans 7.0.1\enterprise\modules\ext\struts\struts-el-1.3.8.jar;C:\Program Files\NetBeans 7.0.1\enterprise\modules\ext\struts\struts-extras-1.3.8.jar;C:\Program Files\NetBeans 7.0.1\enterprise\modules\ext\struts\struts-faces-1.3.8.jar;C:\Program Files\NetBeans 7.0.1\enterprise\modules\ext\struts\struts-mailreader-dao-1.3.8.jar;C:\Program Files\NetBeans 7.0.1\enterprise\modules\ext\struts\struts-scripting-1.3.8.jar;C:\Program Files\NetBeans 7.0.1\enterprise\modules\ext\struts\struts-taglib-1.3.8.jar;C:\Program Files\NetBeans 7.0.1\enterprise\modules\ext\struts\struts-tiles-1.3.8.jar" />
    <property name="org.openide.awt.SwingBrowserImpl.do-not-block-awt" value="false" />
    <property name="ant.home" value="C:\Program Files\NetBeans 7.0.1\java\ant" />
    <property name="libs.junit_4.src" value="C:\Users\viao-quan\.netbeans\7.0\docs\junit-4.8.2-src.jar" />
    <property name="libs.absolutelayout.maven-pom" value="" />
    <property name="ant.java.version" value="1.6" />
    <property name="java.library.path" value="C:\Program Files\Java\jdk1.6.0_27\jre\bin;C:\Windows\Sun\Java\bin;C:\Windows\system32;C:\Windows;C:\Program Files (x86)\ATI Stream\bin\x86_64;C:\Program Files (x86)\ATI Stream\bin\x86;C:\Program Files (x86)\CollabNet\Subversion Client;C:\Windows\system32;C:\Windows;C:\Windows\System32\Wbem;C:\Windows\System32\WindowsPowerShell\v1.0\;C:\Program Files\Intel\WiFi\bin\;C:\Program Files\Common Files\Intel\WirelessCommon\;C:\Program Files (x86)\Common Files\Thunder Network\KanKan\Codecs;C:\Program Files\TortoiseSVN\bin;C:\Program Files\WIDCOMM\Bluetooth Software\;C:\Program Files\WIDCOMM\Bluetooth Software\syswow64;C:\Program Files\Intel\WiFi\bin\;C:\Program Files\Common Files\Intel\WirelessCommon\;D:\Program Files (x86)\HP webOS\PDK\bin;D:\Program Files (x86)\HP webOS\SDK\bin;D:\Program Files (x86)\HP webOS\SDK\bin\novacom;C:\Program Files\Intel\WiFi\bin\;C:\Program Files\Common Files\Intel\WirelessCommon\;D:\Program Files (x86)\HP webOS\PDK\bin;D:\Program Files (x86)\HP webOS\SDK\bin;D:\Program Files (x86)\HP webOS\SDK\bin\novacom;;C:\Program Files\Mercurial;D:\Path\apache-maven-3.0.3\bin;D:\Path\ant\bin;." />
    <property name="javadoc.author" value="false" />
    <property name="libs.metro.maven-pom" value="" />
    <property name="manifest.available+main.class-mkdist.available" value="true" />
    <property name="java.util.logging.config.class" value="org.netbeans.core.startup.TopLogging" />
    <property name="libs.PostgreSQLDriver.src" value="" />
    <property name="sun.arch.data.model" value="64" />
    <property name="basedir" value="D:\NetBeansProject\jpa-demo" />
    <property name="jar.compress" value="false" />
    <property name="libs.jstl11.classpath" value="C:\Program Files\NetBeans 7.0.1\enterprise\modules\ext\standard.jar;C:\Program Files\NetBeans 7.0.1\enterprise\modules\ext\jstl.jar" />
    <property name="libs.JasperReports.classpath" value="C:\Users\viao-quan\.netbeans\7.0\modules\ext\commons-collections-3.2.1.jar;C:\Users\viao-quan\.netbeans\7.0\modules\ext\commons-digester-1.7.jar;C:\Users\viao-quan\.netbeans\7.0\modules\ext\commons-logging-1.1.jar;C:\Users\viao-quan\.netbeans\7.0\modules\ext\jakarta-bcel-20050813.jar;C:\Users\viao-quan\.netbeans\7.0\modules\ext\jaxen-1.1.1.jar;C:\Users\viao-quan\.netbeans\7.0\modules\ext\jcommon-1.0.15.jar;C:\Users\viao-quan\.netbeans\7.0\modules\ext\jfreechart-1.0.12.jar;C:\Users\viao-quan\.netbeans\7.0\modules\ext\jpa.jar;C:\Users\viao-quan\.netbeans\7.0\modules\ext\png-encoder-1.5.jar;C:\Users\viao-quan\.netbeans\7.0\libs\xalan.jar;C:\Users\viao-quan\.netbeans\7.0\modules\ext\xml-apis.jar;C:\Users\viao-quan\.netbeans\7.0\modules\ext\batik-anim.jar;C:\Users\viao-quan\.netbeans\7.0\modules\ext\batik-awt-util.jar;C:\Users\viao-quan\.netbeans\7.0\modules\ext\batik-bridge.jar;C:\Users\viao-quan\.netbeans\7.0\modules\ext\batik-css.jar;C:\Users\viao-quan\.netbeans\7.0\modules\ext\batik-dom.jar;C:\Users\viao-quan\.netbeans\7.0\modules\ext\batik-ext.jar;C:\Users\viao-quan\.netbeans\7.0\modules\ext\batik-gvt.jar;C:\Users\viao-quan\.netbeans\7.0\modules\ext\batik-parser.jar;C:\Users\viao-quan\.netbeans\7.0\modules\ext\batik-script.jar;C:\Users\viao-quan\.netbeans\7.0\modules\ext\batik-svg-dom.jar;C:\Users\viao-quan\.netbeans\7.0\modules\ext\batik-svggen.jar;C:\Users\viao-quan\.netbeans\7.0\modules\ext\batik-util.jar;C:\Users\viao-quan\.netbeans\7.0\modules\ext\batik-xml.jar;C:\Users\viao-quan\.netbeans\7.0\modules\ext\rhino-1.7R1.jar;C:\Users\viao-quan\.netbeans\7.0\modules\ext\xml-apis-ext.jar;C:\Users\viao-quan\.netbeans\7.0\modules\ext\castor-1.2.jar;C:\Users\viao-quan\.netbeans\7.0\modules\ext\barbecue-1.5-beta1.jar;C:\Users\viao-quan\.netbeans\7.0\modules\ext\barcode4j-2.0.jar" />
    <property name="path.separator" value=";" />
    <property name="libs.javaee-web-api-6.0.javadoc" value="C:\Program Files\NetBeans 7.0.1\enterprise\docs\javaee6-doc-api.zip" />
    <property name="ant.junit.enabletestlistenerevents" value="true" />
    <property name="sun.io.unicode.encoding" value="UnicodeLittle" />
    <property name="libs.jaxws21.classpath" value="C:\Program Files\NetBeans 7.0.1\ide\modules\ext\jaxb\jaxb-impl.jar;C:\Program Files\NetBeans 7.0.1\ide\modules\ext\jaxb\jaxb-xjc.jar;C:\Program Files\NetBeans 7.0.1\java\modules\ext\jaxws22\FastInfoset.jar;C:\Program Files\NetBeans 7.0.1\java\modules\ext\jaxws22\gmbal-api-only.jar;C:\Program Files\NetBeans 7.0.1\java\modules\ext\jaxws22\http.jar;C:\Program Files\NetBeans 7.0.1\java\modules\ext\jaxws22\jaxws-rt.jar;C:\Program Files\NetBeans 7.0.1\java\modules\ext\jaxws22\jaxws-tools.jar;C:\Program Files\NetBeans 7.0.1\java\modules\ext\jaxws22\management-api.jar;C:\Program Files\NetBeans 7.0.1\java\modules\ext\jaxws22\mimepull.jar;C:\Program Files\NetBeans 7.0.1\java\modules\ext\jaxws22\policy.jar;C:\Program Files\NetBeans 7.0.1\java\modules\ext\jaxws22\saaj-impl.jar;C:\Program Files\NetBeans 7.0.1\java\modules\ext\jaxws22\stax-ex.jar;C:\Program Files\NetBeans 7.0.1\java\modules\ext\jaxws22\streambuffer.jar;C:\Program Files\NetBeans 7.0.1\java\modules\ext\jaxws22\woodstox.jar;C:\Program Files\NetBeans 7.0.1\java\modules\ext\jaxws22\api\jaxws-api.jar;C:\Program Files\NetBeans 7.0.1\java\modules\ext\jaxws22\api\jsr181-api.jar;C:\Program Files\NetBeans 7.0.1\java\modules\ext\jaxws22\api\jsr250-api.jar;C:\Program Files\NetBeans 7.0.1\java\modules\ext\jaxws22\api\saaj-api.jar;C:\Program Files\NetBeans 7.0.1\ide\modules\ext\jaxb\activation.jar;C:\Program Files\NetBeans 7.0.1\ide\modules\ext\jaxb\api\jaxb-api.jar;C:\Program Files\NetBeans 7.0.1\ide\modules\ext\jaxb\api\jsr173_api.jar" />
    <property name="libs.struts.src" value="" />
    <property name="compile.on.save" value="true" />
    <property name="apple.awt.graphics.UseQuartz" value="true" />
    <property name="user.language" value="zh" />
    <property name="libs.spring-framework.classpath" value="C:\Program Files\NetBeans 7.0.1\ide\modules\ext\commons-logging-1.1.jar;C:\Program Files\NetBeans 7.0.1\java\modules\ext\cglib-2.2.jar;C:\Program Files\NetBeans 7.0.1\java\modules\ext\spring\spring-2.5.6.SEC01.jar" />
    <property name="libs.eclipselink.maven-pom" value="" />
    <property name="application.vendor" value="viao-quan" />
    <property name="manifest.available" value="true" />
    <property name="libs.primefaces.javadoc" value="" />
    <property name="libs.spring-framework300.maven-pom" value="" />
    <property name="run.test.classpath" value="../../Projects/budget-mgmt/trunk/libs/commons-io-1.4.jar:../../Projects/budget-mgmt/trunk/libs/hibernate-3.5.2/antlr-2.7.6.jar:../../Projects/budget-mgmt/trunk/libs/hibernate-3.5.2/cglib-2.2.jar:../../Projects/budget-mgmt/trunk/libs/hibernate-3.5.2/commons-collections-3.1.jar:../../Projects/budget-mgmt/trunk/libs/hibernate-3.5.2/dom4j-1.6.1.jar:../../Projects/budget-mgmt/trunk/libs/hibernate-3.5.2/hibernate-jpa-2.0-api-1.0.0.Final.jar:../../Projects/budget-mgmt/trunk/libs/hibernate-3.5.2/hibernate3.jar:../../Projects/budget-mgmt/trunk/libs/hibernate-3.5.2/javassist-3.9.0.GA.jar:../../Projects/budget-mgmt/trunk/libs/hibernate-3.5.2/jta-1.1.jar:../../Projects/budget-mgmt/trunk/libs/hibernate-3.5.2/slf4j-api-1.6.1.jar:../../Projects/budget-mgmt/trunk/libs/hibernate-3.5.2/slf4j-log4j12-1.6.1.jar:../../Projects/budget-mgmt/trunk/libs/commons-logging-1.1.1.jar:../../Projects/budget-mgmt/trunk/libs/mysql-connector-java-5.1.6-bin.jar:build/classes:C:\Users\viao-quan\.netbeans\7.0\modules\ext\junit-4.8.2.jar:build/test/classes" />
    <property name="ant.project.invoked-targets" value="test" />
    <property name="libs.swing-layout.javadoc" value="C:\Program Files\NetBeans 7.0.1\platform\docs\swing-layout-1.0.4-doc.zip" />
    <property name="libs.swing-app-framework.javadoc" value="C:\Program Files\NetBeans 7.0.1\java\docs\appframework-1.0.3-doc.zip" />
    <property name="libs.ejb3-persistence.maven-pom" value="" />
    <property name="libs.PostgreSQLDriver.maven-pom" value="" />
    <property name="java.class.version" value="50.0" />
    <property name="libs.JAVADB_DRIVER_LABEL.classpath" value="D:\dev\glassfishv3\javadb\lib\derby.jar;D:\dev\glassfishv3\javadb\lib\derbyclient.jar;D:\dev\glassfishv3\javadb\lib\derbynet.jar" />
    <property name="libs.javaee-endorsed-api-6.0.src" value="" />
    <property name="netbeans.system_http_proxy" value="DIRECT" />
    <property name="libs.eclipselink.javadoc" value="" />
    <property name="libs.jsp-compilation.maven-pom" value="" />
    <property name="user.properties.file" value="C:\Users\viao-quan\.netbeans\7.0\build.properties" />
    <property name="runtime.encoding" value="UTF-8" />
    <property name="libs.spring-framework.src" value="" />
    <property name="libs.javac-api.maven-pom" value="" />
    <property name="file.encoding.pkg" value="sun.io" />
    <property name="sun.cpu.endian" value="little" />
    <property name="libs.JWSAntTasks.classpath" value="C:\Program Files\NetBeans 7.0.1\java\ant\extra\org-netbeans-modules-javawebstart-anttasks.jar" />
    <property name="libs.spring-framework300.src" value="" />
    <property name="empty.dir" value="D:\NetBeansProject\jpa-demo\build\empty" />
    <property name="version-output" value="java version &quot;1.6" />
    <property name="javadoc.preview" value="true" />
    <property name="file.reference.commons-logging-1.1.1.jar" value="../../Projects/budget-mgmt/trunk/libs/commons-logging-1.1.1.jar" />
    <property name="java.home" value="C:\Program Files\Java\jdk1.6.0_27\jre" />
    <property name="libs.jsp-compilation.src" value="" />
    <property name="libs.spring-webmvc.src" value="" />
    <property name="debug.test.classpath" value="../../Projects/budget-mgmt/trunk/libs/commons-io-1.4.jar:../../Projects/budget-mgmt/trunk/libs/hibernate-3.5.2/antlr-2.7.6.jar:../../Projects/budget-mgmt/trunk/libs/hibernate-3.5.2/cglib-2.2.jar:../../Projects/budget-mgmt/trunk/libs/hibernate-3.5.2/commons-collections-3.1.jar:../../Projects/budget-mgmt/trunk/libs/hibernate-3.5.2/dom4j-1.6.1.jar:../../Projects/budget-mgmt/trunk/libs/hibernate-3.5.2/hibernate-jpa-2.0-api-1.0.0.Final.jar:../../Projects/budget-mgmt/trunk/libs/hibernate-3.5.2/hibernate3.jar:../../Projects/budget-mgmt/trunk/libs/hibernate-3.5.2/javassist-3.9.0.GA.jar:../../Projects/budget-mgmt/trunk/libs/hibernate-3.5.2/jta-1.1.jar:../../Projects/budget-mgmt/trunk/libs/hibernate-3.5.2/slf4j-api-1.6.1.jar:../../Projects/budget-mgmt/trunk/libs/hibernate-3.5.2/slf4j-log4j12-1.6.1.jar:../../Projects/budget-mgmt/trunk/libs/commons-logging-1.1.1.jar:../../Projects/budget-mgmt/trunk/libs/mysql-connector-java-5.1.6-bin.jar:build/classes:C:\Users\viao-quan\.netbeans\7.0\modules\ext\junit-4.8.2.jar:build/test/classes" />
    <property name="file.reference.slf4j-api-1.6.1.jar" value="../../Projects/budget-mgmt/trunk/libs/hibernate-3.5.2/slf4j-api-1.6.1.jar" />
    <property name="libs.javaee-endorsed-api-6.0.classpath" value="C:\Program Files\NetBeans 7.0.1\enterprise\modules\ext\javaee6-endorsed\javax.annotation.jar;C:\Program Files\NetBeans 7.0.1\enterprise\modules\ext\javaee6-endorsed\jaxb-api-osgi.jar;C:\Program Files\NetBeans 7.0.1\enterprise\modules\ext\javaee6-endorsed\webservices-api-osgi.jar" />
    <property name="libs.javaee-api-6.0.src" value="" />
    <property name="netbeans.importclass" value="org.netbeans.upgrade.AutoUpgrade" />
    <property name="ant.project.default-target" value="default" />
    <property name="annotation.processing.run.all.processors" value="true" />
    <property name="libs.toplink.maven-pom" value="" />
    <property name="libs.PostgreSQLDriver.javadoc" value="" />
    <property name="libs.restlib.classpath" value="C:\Program Files\NetBeans 7.0.1\enterprise\modules\ext\rest\asm-3.1.jar;C:\Program Files\NetBeans 7.0.1\enterprise\modules\ext\rest\jackson-core-asl-1.1.1.jar;C:\Program Files\NetBeans 7.0.1\enterprise\modules\ext\rest\jersey-client-1.3.jar;C:\Program Files\NetBeans 7.0.1\enterprise\modules\ext\rest\jersey-core-1.3.jar;C:\Program Files\NetBeans 7.0.1\enterprise\modules\ext\rest\jersey-json-1.3.jar;C:\Program Files\NetBeans 7.0.1\enterprise\modules\ext\rest\jersey-multipart-1.3.jar;C:\Program Files\NetBeans 7.0.1\enterprise\modules\ext\rest\jersey-server-1.3.jar;C:\Program Files\NetBeans 7.0.1\enterprise\modules\ext\rest\jersey-spring-1.3.jar;C:\Program Files\NetBeans 7.0.1\enterprise\modules\ext\rest\jettison-1.1.jar;C:\Program Files\NetBeans 7.0.1\enterprise\modules\ext\rest\mimepull-1.4.jar;C:\Program Files\NetBeans 7.0.1\enterprise\modules\ext\rest\oauth-client-1.3.jar;C:\Program Files\NetBeans 7.0.1\enterprise\modules\ext\rest\oauth-signature-1.3.jar;C:\Program Files\NetBeans 7.0.1\ide\modules\ext\jaxb\activation.jar;C:\Program Files\NetBeans 7.0.1\ide\modules\ext\jaxb\api\jaxb-api.jar;C:\Program Files\NetBeans 7.0.1\ide\modules\ext\jaxb\api\jsr173_api.jar" />
    <property name="libs.MySQLDriver.maven-pom" value="" />
    <property name="ant.file.type.jpa-demo" value="file" />
    <property name="file.reference.hibernate3.jar" value="../../Projects/budget-mgmt/trunk/libs/hibernate-3.5.2/hibernate3.jar" />
    <property name="ant.file.jpa-demo" value="D:\NetBeansProject\jpa-demo\build.xml" />
    <property name="libs.junit_4.javadoc" value="C:\Users\viao-quan\.netbeans\7.0\docs\junit-4.8.2-api.zip" />
    <property name="libs.spring-webmvc.javadoc" value="" />
    <property name="libs.toplink.src" value="" />
    <property name="libs.javaee-web-api-6.0.maven-pom" value="" />
    <property name="run.classpath" value="../../Projects/budget-mgmt/trunk/libs/commons-io-1.4.jar:../../Projects/budget-mgmt/trunk/libs/hibernate-3.5.2/antlr-2.7.6.jar:../../Projects/budget-mgmt/trunk/libs/hibernate-3.5.2/cglib-2.2.jar:../../Projects/budget-mgmt/trunk/libs/hibernate-3.5.2/commons-collections-3.1.jar:../../Projects/budget-mgmt/trunk/libs/hibernate-3.5.2/dom4j-1.6.1.jar:../../Projects/budget-mgmt/trunk/libs/hibernate-3.5.2/hibernate-jpa-2.0-api-1.0.0.Final.jar:../../Projects/budget-mgmt/trunk/libs/hibernate-3.5.2/hibernate3.jar:../../Projects/budget-mgmt/trunk/libs/hibernate-3.5.2/javassist-3.9.0.GA.jar:../../Projects/budget-mgmt/trunk/libs/hibernate-3.5.2/jta-1.1.jar:../../Projects/budget-mgmt/trunk/libs/hibernate-3.5.2/slf4j-api-1.6.1.jar:../../Projects/budget-mgmt/trunk/libs/hibernate-3.5.2/slf4j-log4j12-1.6.1.jar:../../Projects/budget-mgmt/trunk/libs/commons-logging-1.1.1.jar:../../Projects/budget-mgmt/trunk/libs/mysql-connector-java-5.1.6-bin.jar:build/classes" />
    <property name="libs.hibernate-support.src" value="" />
    <property name="libs.javaee-endorsed-api-6.0.javadoc" value="C:\Program Files\NetBeans 7.0.1\enterprise\docs\javaee6-doc-api.zip" />
    <property name="libs.spring-webmvc3.0.javadoc" value="" />
    <property name="file.reference.commons-collections-3.1.jar" value="../../Projects/budget-mgmt/trunk/libs/hibernate-3.5.2/commons-collections-3.1.jar" />
    <property name="annotation.processing.enabled.in.editor" value="false" />
    <property name="libs.restapi.src" value="" />
    <property name="sun.management.compiler" value="HotSpot 64-Bit Tiered Compilers" />
    <property name="javac.deprecation" value="false" />
    <property name="javadoc.use" value="true" />
    <property name="sun.java2d.noddraw" value="true" />
    <property name="libs.jsp-compiler.classpath" value="C:\Program Files\NetBeans 7.0.1\enterprise\ant\extra\jspcompile.jar" />
    <property name="javac.processorpath" value="../../Projects/budget-mgmt/trunk/libs/commons-io-1.4.jar:../../Projects/budget-mgmt/trunk/libs/hibernate-3.5.2/antlr-2.7.6.jar:../../Projects/budget-mgmt/trunk/libs/hibernate-3.5.2/cglib-2.2.jar:../../Projects/budget-mgmt/trunk/libs/hibernate-3.5.2/commons-collections-3.1.jar:../../Projects/budget-mgmt/trunk/libs/hibernate-3.5.2/dom4j-1.6.1.jar:../../Projects/budget-mgmt/trunk/libs/hibernate-3.5.2/hibernate-jpa-2.0-api-1.0.0.Final.jar:../../Projects/budget-mgmt/trunk/libs/hibernate-3.5.2/hibernate3.jar:../../Projects/budget-mgmt/trunk/libs/hibernate-3.5.2/javassist-3.9.0.GA.jar:../../Projects/budget-mgmt/trunk/libs/hibernate-3.5.2/jta-1.1.jar:../../Projects/budget-mgmt/trunk/libs/hibernate-3.5.2/slf4j-api-1.6.1.jar:../../Projects/budget-mgmt/trunk/libs/hibernate-3.5.2/slf4j-log4j12-1.6.1.jar:../../Projects/budget-mgmt/trunk/libs/commons-logging-1.1.1.jar:../../Projects/budget-mgmt/trunk/libs/mysql-connector-java-5.1.6-bin.jar" />
    <property name="libs.spring-webmvc.classpath" value="C:\Program Files\NetBeans 7.0.1\enterprise\modules\ext\spring\spring-webmvc-2.5.6.SEC01.jar" />
    <property name="javac.compilerargs" value="" />
    <property name="svnkit.http.methods" value="Basic" />
    <property name="ant.file" value="D:\NetBeansProject\jpa-demo\build.xml" />
    <property name="libs.beans-binding.maven-pom" value="" />
    <property name="libs.jsf12.classpath" value="C:\Program Files\NetBeans 7.0.1\enterprise\modules\ext\jsf-1_2\commons-beanutils.jar;C:\Program Files\NetBeans 7.0.1\enterprise\modules\ext\jsf-1_2\commons-collections.jar;C:\Program Files\NetBeans 7.0.1\enterprise\modules\ext\jsf-1_2\commons-digester.jar;C:\Program Files\NetBeans 7.0.1\enterprise\modules\ext\jsf-1_2\commons-logging.jar;C:\Program Files\NetBeans 7.0.1\enterprise\modules\ext\jsf-1_2\jsf-api.jar;C:\Program Files\NetBeans 7.0.1\enterprise\modules\ext\jsf-1_2\jsf-impl.jar" />
    <property name="sun.awt.exception.handler" value="org.netbeans.core.startup.TopLogging$AWTHandler" />
    <property name="libs.restapi.maven-pom" value="" />
    <property name="libs.beans-binding.src" value="" />
    <property name="java.vm.specification.vendor" value="Sun Microsystems Inc." />
    <property name="libs.swing-layout.src" value="C:\Program Files\NetBeans 7.0.1\platform\docs\swing-layout-1.0.4-src.zip" />
    <property name="org.openide.major.version" value="IDE/1" />
    <property name="java.vm.name" value="Java HotSpot(TM) 64-Bit Server VM" />
    <property name="netbeans.user" value="C:\Users\viao-quan\.netbeans\7.0" />
    <property name="tests.failed" value="true" />
    <property name="javadoc.additionalparam" value="" />
    <property name="java.io.tmpdir" value="C:\Users\VIAO-Q~1\AppData\Local\Temp\" />
    <property name="java.vendor.url" value="http://java.sun.com/" />
    <property name="endorsed.classpath.cmd.line.arg" value="" />
    <property name="libs.jsp-compiler.src" value="" />
    <property name="sun.boot.library.path" value="C:\Program Files\Java\jdk1.6.0_27\jre\bin" />
    <property name="have.sources" value="true" />
    <property name="debug.classpath" value="../../Projects/budget-mgmt/trunk/libs/commons-io-1.4.jar:../../Projects/budget-mgmt/trunk/libs/hibernate-3.5.2/antlr-2.7.6.jar:../../Projects/budget-mgmt/trunk/libs/hibernate-3.5.2/cglib-2.2.jar:../../Projects/budget-mgmt/trunk/libs/hibernate-3.5.2/commons-collections-3.1.jar:../../Projects/budget-mgmt/trunk/libs/hibernate-3.5.2/dom4j-1.6.1.jar:../../Projects/budget-mgmt/trunk/libs/hibernate-3.5.2/hibernate-jpa-2.0-api-1.0.0.Final.jar:../../Projects/budget-mgmt/trunk/libs/hibernate-3.5.2/hibernate3.jar:../../Projects/budget-mgmt/trunk/libs/hibernate-3.5.2/javassist-3.9.0.GA.jar:../../Projects/budget-mgmt/trunk/libs/hibernate-3.5.2/jta-1.1.jar:../../Projects/budget-mgmt/trunk/libs/hibernate-3.5.2/slf4j-api-1.6.1.jar:../../Projects/budget-mgmt/trunk/libs/hibernate-3.5.2/slf4j-log4j12-1.6.1.jar:../../Projects/budget-mgmt/trunk/libs/commons-logging-1.1.1.jar:../../Projects/budget-mgmt/trunk/libs/mysql-connector-java-5.1.6-bin.jar:build/classes" />
    <property name="javadoc.private" value="false" />
    <property name="test.src.dir" value="test" />
    <property name="libs.jsf20.classpath" value="C:\Program Files\NetBeans 7.0.1\enterprise\modules\ext\jsf-2_1\jsf-api.jar;C:\Program Files\NetBeans 7.0.1\enterprise\modules\ext\jsf-2_1\jsf-impl.jar" />
    <property name="ap.processors.internal" value="" />
    <property name="meta.inf.dir" value="src/META-INF" />
    <property name="javadoc.encoding.used" value="UTF-8" />
    <property name="dist.jar" value="dist/jpa-demo.jar" />
    <property name="file.reference.jta-1.1.jar" value="../../Projects/budget-mgmt/trunk/libs/hibernate-3.5.2/jta-1.1.jar" />
    <property name="java.runtime.name" value="Java(TM) SE Runtime Environment" />
    <property name="ant.project.name" value="jpa-demo" />
    <property name="netbeans.hash.code" value="unique=NB_JAVA_WEBEE0b02b9300-b83d-4470-812b-bb279dab575f_932e6662-9f8d-4bac-a95c-7f6fb2314553" />
    <property name="libs.jsp-compilation-syscp.maven-pom" value="" />
    <property name="manifest.available-mkdist.available" value="true" />
    <property name="sun.cpu.isalist" value="amd64" />
    <property name="libs.CopyLibs.javadoc" value="" />
    <property name="org.openide.specification.version" value="6.2" />
    <property name="libs.hibernate-support.classpath" value="C:\Program Files\NetBeans 7.0.1\java\modules\ext\hibernate\antlr-2.7.6.jar;C:\Program Files\NetBeans 7.0.1\java\modules\ext\hibernate\asm.jar;C:\Program Files\NetBeans 7.0.1\java\modules\ext\hibernate\asm-attrs.jar;C:\Program Files\NetBeans 7.0.1\java\modules\ext\hibernate\cglib-2.1.3.jar;C:\Program Files\NetBeans 7.0.1\java\modules\ext\hibernate\commons-collections-2.1.1.jar;C:\Program Files\NetBeans 7.0.1\ide\modules\ext\commons-logging-1.1.jar;C:\Program Files\NetBeans 7.0.1\java\modules\ext\hibernate\dom4j-1.6.1.jar;C:\Program Files\NetBeans 7.0.1\java\modules\ext\hibernate\ehcache-1.2.3.jar;C:\Program Files\NetBeans 7.0.1\java\modules\ext\hibernate\jdbc2_0-stdext.jar;C:\Program Files\NetBeans 7.0.1\java\modules\ext\hibernate\jta.jar;C:\Program Files\NetBeans 7.0.1\java\modules\ext\hibernate\hibernate3.jar;C:\Program Files\NetBeans 7.0.1\java\modules\ext\hibernate\hibernate-tools.jar;C:\Program Files\NetBeans 7.0.1\java\modules\ext\hibernate\hibernate-annotations.jar;C:\Program Files\NetBeans 7.0.1\java\modules\ext\hibernate\hibernate-commons-annotations.jar;C:\Program Files\NetBeans 7.0.1\java\modules\ext\hibernate\hibernate-entitymanager.jar;C:\Program Files\NetBeans 7.0.1\java\modules\ext\hibernate\javassist.jar" />
    <property name="user.home" value="C:\Users\viao-quan" />
    <property name="annotation.processing.processors.list" value="" />
    <property name="libs.primefaces.maven-pom" value="" />
    <property name="debug-args-line" value="-Xdebug" />
    <property name="libs.javaee-api-6.0.maven-pom" value="" />
    <property name="libs.JWSAntTasks.src" value="" />
    <property name="jar.index" value="false" />
    <property name="libs.CopyLibs.maven-pom" value="" />
    <property name="libs.spring-framework300.javadoc" value="" />
    <property name="libs.hibernate-persistence.maven-pom" value="" />
    <property name="libs.absolutelayout.javadoc" value="" />
    <property name="java.specification.name" value="Java Platform API Specification" />
    <property name="libs.swing-app-framework.maven-pom" value="" />
    <property name="do.archive+main.class.available" value="true" />
    <property name="java.specification.vendor" value="Sun Microsystems Inc." />
    <property name="libs.javac-api.classpath" value="C:\Program Files\NetBeans 7.0.1\java\modules\ext\javac-api-nb-7.0-b07.jar" />
    <property name="java.version" value="1.6.0_27" />
    <property name="javadoc.version" value="false" />
    <property name="libs.MySQLDriver.javadoc" value="" />
    <property name="org.openide.version" value="deprecated" />
    <property name="source.encoding" value="UTF-8" />
    <property name="ap.cmd.line.internal" value="" />
    <property name="libs.eclipselinkmodelgen.maven-pom" value="" />
    <property name="libs.jsp-compilation-syscp.javadoc" value="" />
    <property name="libs.junit.maven-pom" value="" />
    <property name="libs.eclipselinkmodelgen.javadoc" value="" />
    <property name="libs.metro.javadoc" value="C:\Program Files\NetBeans 7.0.1\enterprise\docs\metro-1.4-doc.zip" />
    <property name="libs.struts.maven-pom" value="" />
    <property name="netbeans.home+have.tests" value="true" />
    <property name="annotation.processing.processor.options" value="-Aeclipselink.canonicalmodel.use_static_factory=false" />
    <property name="file.reference.javassist-3.9.0.GA.jar" value="../../Projects/budget-mgmt/trunk/libs/hibernate-3.5.2/javassist-3.9.0.GA.jar" />
    <property name="libs.jaxb.src" value="" />
    <property name="work.dir" value="D:\NetBeansProject\jpa-demo" />
    <property name="libs.jaxb.classpath" value="C:\Program Files\NetBeans 7.0.1\ide\modules\ext\jaxb\jaxb-impl.jar;C:\Program Files\NetBeans 7.0.1\ide\modules\ext\jaxb\jaxb-xjc.jar;C:\Program Files\NetBeans 7.0.1\ide\modules\ext\jaxb\jaxb1-impl.jar;C:\Program Files\NetBeans 7.0.1\ide\modules\ext\jaxb\activation.jar;C:\Program Files\NetBeans 7.0.1\ide\modules\ext\jaxb\api\jaxb-api.jar;C:\Program Files\NetBeans 7.0.1\ide\modules\ext\jaxb\api\jsr173_api.jar" />
    <property name="do.depend" value="false" />
    <property name="dist.javadoc.dir" value="dist/javadoc" />
    <property name="has.persistence.xml" value="true" />
    <property name="libs.swing-layout.classpath" value="C:\Program Files\NetBeans 7.0.1\platform\modules\ext\swing-layout-1.0.4.jar" />
    <property name="libs.spring-webmvc3.0.classpath" value="C:\Program Files\NetBeans 7.0.1\java\modules\ext\spring-3.0\spring-webmvc-3.0.2.RELEASE.jar" />
    <property name="libs.restlib.src" value="" />
    <property name="libs.JasperReports.maven-pom" value="" />
    <property name="build.generated.dir" value="build/generated" />
    <property name="javac.source" value="1.6" />
    <property name="libs.hibernate-persistence.src" value="" />
    <property name="line.separator" value="&#xd;&#xa;" />
    <property name="java.specification.version" value="1.6" />
    <property name="libs.jaxws21.maven-pom" value="" />
    <property name="java.vm.info" value="mixed mode" />
    <property name="junit.forkmode" value="perTest" />
    <property name="libs.spring-framework.maven-pom" value="" />
    <property name="sun.boot.class.path" value="C:\Program Files\Java\jdk1.6.0_27\jre\lib\resources.jar;C:\Program Files\Java\jdk1.6.0_27\jre\lib\rt.jar;C:\Program Files\Java\jdk1.6.0_27\jre\lib\sunrsasign.jar;C:\Program Files\Java\jdk1.6.0_27\jre\lib\jsse.jar;C:\Program Files\Java\jdk1.6.0_27\jre\lib\jce.jar;C:\Program Files\Java\jdk1.6.0_27\jre\lib\charsets.jar;C:\Program Files\Java\jdk1.6.0_27\jre\lib\modules\jdk.boot.jar;C:\Program Files\Java\jdk1.6.0_27\jre\classes" />
    <property name="javac.target" value="1.6" />
    <property name="built-jar.properties" value="D:\NetBeansProject\jpa-demo\build\built-jar.properties" />
    <property name="build.test.classes.dir" value="build/test/classes" />
    <property name="src.dir" value="src" />
    <property name="annotation.processing.enabled" value="true" />
    <property name="sun.awt.keepWorkingSetOnMinimize" value="true" />
    <property name="libs.jsf20.src" value="" />
    <property name="libs.jsf12.src" value="" />
    <property name="libs.JAVADB_DRIVER_LABEL.maven-pom" value="" />
    <property name="libs.struts.javadoc" value="C:\Program Files\NetBeans 7.0.1\enterprise\docs\struts-1.3.8-javadoc.zip" />
    <property name="ignore.failing.tests" value="true" />
    <property name="libs.Comet-GlassFish-v3.classpath" value="D:\dev\glassfishv3\glassfish\modules\grizzly-comet.jar" />
    <property name="libs.primefaces.src" value="" />
    <property name="file.reference.slf4j-log4j12-1.6.1.jar" value="../../Projects/budget-mgmt/trunk/libs/hibernate-3.5.2/slf4j-log4j12-1.6.1.jar" />
    <property name="dist.dir" value="dist" />
    <property name="ant.file.jpa-demo-impl" value="D:\NetBeansProject\jpa-demo\nbproject\build-impl.xml" />
    <property name="do.archive+manifest.available+main.class" value="true" />
    <property name="javac.fork" value="true" />
    <property name="java.awt.printerjob" value="sun.awt.windows.WPrinterJob" />
    <property name="default.javac.source" value="1.6" />
    <property name="debug-transport-by-os" value="dt_shmem" />
    <property name="sun.jnu.encoding" value="GBK" />
    <property name="libs.MySQLDriver.src" value="" />
    <property name="build.test.results.dir" value="build/test/results" />
    <property name="java.runtime.version" value="1.6.0_27-b07" />
    <property name="libs.ejb3-persistence.javadoc" value="" />
    <property name="manifest.available+main.class+mkdist.available" value="true" />
    <property name="file.reference.mysql-connector-java-5.1.6-bin.jar" value="../../Projects/budget-mgmt/trunk/libs/mysql-connector-java-5.1.6-bin.jar" />
    <property name="default.javac.target" value="1.6" />
    <property name="libs.junit_4.classpath" value="C:\Users\viao-quan\.netbeans\7.0\modules\ext\junit-4.8.2.jar" />
    <property name="user.timezone" value="" />
    <property name="do.jar" value="true" />
    <property name="libs.javaee-endorsed-api-6.0.maven-pom" value="" />
    <property name="libs.JAVADB_DRIVER_LABEL.javadoc" value="" />
    <property name="netbeans.dirs" value="C:\Program Files\NetBeans 7.0.1\nb;C:\Program Files\NetBeans 7.0.1\ergonomics;C:\Program Files\NetBeans 7.0.1\ide;C:\Program Files\NetBeans 7.0.1\java;C:\Program Files\NetBeans 7.0.1\xml;C:\Program Files\NetBeans 7.0.1\apisupport;C:\Program Files\NetBeans 7.0.1\webcommon;C:\Program Files\NetBeans 7.0.1\websvccommon;C:\Program Files\NetBeans 7.0.1\enterprise;C:\Program Files\NetBeans 7.0.1\mobility;C:\Program Files\NetBeans 7.0.1\profiler;C:\Program Files\NetBeans 7.0.1\ruby;C:\Program Files\NetBeans 7.0.1\python;C:\Program Files\NetBeans 7.0.1\php;C:\Program Files\NetBeans 7.0.1\visualweb;C:\Program Files\NetBeans 7.0.1\soa;C:\Program Files\NetBeans 7.0.1\identity;C:\Program Files\NetBeans 7.0.1\uml;C:\Program Files\NetBeans 7.0.1\harness;C:\Program Files\NetBeans 7.0.1\cnd;C:\Program Files\NetBeans 7.0.1\dlight;C:\Program Files\NetBeans 7.0.1\groovy;C:\Program Files\NetBeans 7.0.1\extra;C:\Program Files\NetBeans 7.0.1\javafx;C:\Program Files\NetBeans 7.0.1\javacard" />
    <property name="libs.jsf20.javadoc" value="C:\Program Files\NetBeans 7.0.1\enterprise\docs\javaee6-doc-api.zip" />
    <property name="java.ext.dirs" value="C:\Program Files\Java\jdk1.6.0_27\jre\lib\ext;C:\Windows\Sun\Java\lib\ext" />
    <property name="libs.metro.src" value="" />
    <property name="endorsed.classpath" value="" />
    <property name="libs.absolutelayout.classpath" value="C:\Users\viao-quan\.netbeans\7.0\modules\ext\AbsoluteLayout.jar" />
    <property name="excludes" value="" />
    <property name="libs.metro.classpath" value="C:\Program Files\NetBeans 7.0.1\ide\modules\ext\jaxb\activation.jar;C:\Program Files\NetBeans 7.0.1\enterprise\modules\ext\metro\webservices-api.jar;C:\Program Files\NetBeans 7.0.1\enterprise\modules\ext\metro\webservices-extra-api.jar;C:\Program Files\NetBeans 7.0.1\enterprise\modules\ext\metro\webservices-extra.jar;C:\Program Files\NetBeans 7.0.1\enterprise\modules\ext\metro\webservices-rt.jar;C:\Program Files\NetBeans 7.0.1\enterprise\modules\ext\metro\webservices-tools.jar" />
    <property name="libs.restlib.maven-pom" value="" />
    <property name="java.class.path" value="D:\Projects\budget-mgmt\trunk\libs\commons-io-1.4.jar;D:\Projects\budget-mgmt\trunk\libs\hibernate-3.5.2\antlr-2.7.6.jar;D:\Projects\budget-mgmt\trunk\libs\hibernate-3.5.2\cglib-2.2.jar;D:\Projects\budget-mgmt\trunk\libs\hibernate-3.5.2\commons-collections-3.1.jar;D:\Projects\budget-mgmt\trunk\libs\hibernate-3.5.2\dom4j-1.6.1.jar;D:\Projects\budget-mgmt\trunk\libs\hibernate-3.5.2\hibernate-jpa-2.0-api-1.0.0.Final.jar;D:\Projects\budget-mgmt\trunk\libs\hibernate-3.5.2\hibernate3.jar;D:\Projects\budget-mgmt\trunk\libs\hibernate-3.5.2\javassist-3.9.0.GA.jar;D:\Projects\budget-mgmt\trunk\libs\hibernate-3.5.2\jta-1.1.jar;D:\Projects\budget-mgmt\trunk\libs\hibernate-3.5.2\slf4j-api-1.6.1.jar;D:\Projects\budget-mgmt\trunk\libs\hibernate-3.5.2\slf4j-log4j12-1.6.1.jar;D:\Projects\budget-mgmt\trunk\libs\commons-logging-1.1.1.jar;D:\Projects\budget-mgmt\trunk\libs\mysql-connector-java-5.1.6-bin.jar;D:\NetBeansProject\jpa-demo\build\classes;C:\Users\viao-quan\.netbeans\7.0\modules\ext\junit-4.8.2.jar;D:\NetBeansProject\jpa-demo\build\test\classes;C:\Program Files\NetBeans 7.0.1\java\ant\lib\ant-launcher.jar;C:\Program Files\NetBeans 7.0.1\java\ant\lib\ant.jar;C:\Program Files\NetBeans 7.0.1\java\ant\lib\ant-junit.jar;C:\Program Files\NetBeans 7.0.1\java\ant\lib\ant-junit4.jar" />
    <property name="apple.laf.useScreenMenuBar" value="true" />
    <property name="do.mkdist" value="true" />
    <property name="libs.absolutelayout.src" value="" />
    <property name="file.reference.antlr-2.7.6.jar" value="../../Projects/budget-mgmt/trunk/libs/hibernate-3.5.2/antlr-2.7.6.jar" />
    <property name="os.version" value="6.1" />
    <property name="application.args" value="" />
    <property name="main.class.available" value="true" />
    <property name="libs.toplink.javadoc" value="" />
    <property name="sun.desktop" value="windows" />
    <property name="libs.Comet-GlassFish-v3.src" value="" />
    <property name="libs.restlib.javadoc" value="C:\Program Files\NetBeans 7.0.1\enterprise\docs\jersey-client-1.3-javadoc.zip;C:\Program Files\NetBeans 7.0.1\enterprise\docs\jersey-core-1.1.5.1-javadoc.zip;C:\Program Files\NetBeans 7.0.1\enterprise\docs\jersey-json-1.3-javadoc.zip;C:\Program Files\NetBeans 7.0.1\enterprise\docs\jersey-multipart-1.3-javadoc.zip;C:\Program Files\NetBeans 7.0.1\enterprise\docs\jersey-spring-1.3-javadoc.zip;C:\Program Files\NetBeans 7.0.1\enterprise\docs\oauth-client-1.3-javadoc.zip;C:\Program Files\NetBeans 7.0.1\enterprise\docs\oauth-signature-1.3-javadoc.zip" />
    <property name="libs.eclipselink.classpath" value="C:\Program Files\NetBeans 7.0.1\java\modules\ext\eclipselink\eclipselink-2.2.0.jar;C:\Program Files\NetBeans 7.0.1\java\modules\ext\eclipselink\eclipselink-javax.persistence-2.0.jar" />
    <property name="libs.beans-binding.javadoc" value="C:\Program Files\NetBeans 7.0.1\java\docs\beansbinding-1.2.1-doc.zip" />
    <property name="java.awt.graphicsenv" value="sun.awt.Win32GraphicsEnvironment" />
    <property name="java.vm.vendor" value="Sun Microsystems Inc." />
    <property name="libs.CopyLibs.classpath" value="C:\Program Files\NetBeans 7.0.1\java\ant\extra\org-netbeans-modules-java-j2seproject-copylibstask.jar" />
    <property name="libs.spring-framework300.classpath" value="C:\Program Files\NetBeans 7.0.1\ide\modules\ext\commons-logging-1.1.jar;C:\Program Files\NetBeans 7.0.1\java\modules\ext\cglib-2.2.jar;C:\Program Files\NetBeans 7.0.1\java\modules\ext\spring-3.0\spring-aop-3.0.2.RELEASE.jar;C:\Program Files\NetBeans 7.0.1\java\modules\ext\spring-3.0\spring-asm-3.0.2.RELEASE.jar;C:\Program Files\NetBeans 7.0.1\java\modules\ext\spring-3.0\spring-aspects-3.0.2.RELEASE.jar;C:\Program Files\NetBeans 7.0.1\java\modules\ext\spring-3.0\spring-beans-3.0.2.RELEASE.jar;C:\Program Files\NetBeans 7.0.1\java\modules\ext\spring-3.0\spring-context-3.0.2.RELEASE.jar;C:\Program Files\NetBeans 7.0.1\java\modules\ext\spring-3.0\spring-context-support-3.0.2.RELEASE.jar;C:\Program Files\NetBeans 7.0.1\java\modules\ext\spring-3.0\spring-core-3.0.2.RELEASE.jar;C:\Program Files\NetBeans 7.0.1\java\modules\ext\spring-3.0\spring-expression-3.0.2.RELEASE.jar;C:\Program Files\NetBeans 7.0.1\java\modules\ext\spring-3.0\spring-instrument-3.0.2.RELEASE.jar;C:\Program Files\NetBeans 7.0.1\java\modules\ext\spring-3.0\spring-instrument-tomcat-3.0.2.RELEASE.jar;C:\Program Files\NetBeans 7.0.1\java\modules\ext\spring-3.0\spring-jdbc-3.0.2.RELEASE.jar;C:\Program Files\NetBeans 7.0.1\java\modules\ext\spring-3.0\spring-jms-3.0.2.RELEASE.jar;C:\Program Files\NetBeans 7.0.1\java\modules\ext\spring-3.0\spring-orm-3.0.2.RELEASE.jar;C:\Program Files\NetBeans 7.0.1\java\modules\ext\spring-3.0\spring-oxm-3.0.2.RELEASE.jar;C:\Program Files\NetBeans 7.0.1\java\modules\ext\spring-3.0\spring-test-3.0.2.RELEASE.jar;C:\Program Files\NetBeans 7.0.1\java\modules\ext\spring-3.0\spring-tx-3.0.2.RELEASE.jar;C:\Program Files\NetBeans 7.0.1\java\modules\ext\spring-3.0\spring-web-3.0.2.RELEASE.jar;C:\Program Files\NetBeans 7.0.1\java\modules\ext\spring-3.0\spring-webmvc-portlet-3.0.2.RELEASE.jar;C:\Program Files\NetBeans 7.0.1\java\modules\ext\spring-3.0\spring-webmvc-3.0.2.RELEASE.jar;C:\Program Files\NetBeans 7.0.1\java\modules\ext\spring-3.0\spring-struts-3.0.2.RELEASE.jar" />
    <property name="libs.jsp-compiler.maven-pom" value="" />
    <property name="libs.spring-webmvc.maven-pom" value="" />
    <property name="run.jvmargs" value="" />
    <property name="libs.ejb3-persistence.classpath" value="C:\Program Files\NetBeans 7.0.1\java\modules\ext\hibernate\ejb3-persistence.jar" />
    <property name="libs.spring-framework.javadoc" value="" />
    <property name="libs.PostgreSQLDriver.classpath" value="C:\Program Files\NetBeans 7.0.1\ide\modules\ext\postgresql-8.3-603.jdbc3.jar" />
    <property name="libs.jsf12.maven-pom" value="" />
    <property name="libs.junit.src" value="" />
    <property name="annotation.processing.source.output" value="build/generated-sources/ap-source-output" />
    <property name="main.class" value="main.Main" />
    <property name="libs.CopyLibs.src" value="" />
    <property name="build.dir" value="build" />
    <property name="libs.jsp-compilation.classpath" value="C:\Program Files\NetBeans 7.0.1\java\ant\lib\ant.jar;C:\Program Files\NetBeans 7.0.1\enterprise\modules\ext\servlet3.0-jsp2.2-api.jar;C:\Program Files\NetBeans 7.0.1\enterprise\modules\ext\glassfish-jspparser-3.0.jar;C:\Program Files\NetBeans 7.0.1\enterprise\modules\ext\jsf-2_1\jsf-api.jar;C:\Program Files\NetBeans 7.0.1\enterprise\modules\ext\jstl.jar;C:\Program Files\NetBeans 7.0.1\java\ant\lib\ant-launcher.jar" />
    <property name="ant.version" value="Apache Ant(TM) version 1.8.2 compiled on December 20 2010" />
    <property name="build.classes.excludes" value="**/*.java,**/*.form" />
    <property name="file.encoding" value="GBK" />
    <property name="jdkBug6558476" value="true" />
    <property name="javadoc.nonavbar" value="false" />
    <property name="platform.active" value="default_platform" />
    <property name="awt.toolkit" value="sun.awt.windows.WToolkit" />
  </properties>
  <testcase classname="com.quanlei.test.OneToManyTest" name="save" time="0.178">
    <error message="org/apache/log4j/Level" type="java.lang.NoClassDefFoundError">java.lang.NoClassDefFoundError: org/apache/log4j/Level
	at org.slf4j.LoggerFactory.bind(LoggerFactory.java:121)
	at org.slf4j.LoggerFactory.performInitialization(LoggerFactory.java:111)
	at org.slf4j.LoggerFactory.getILoggerFactory(LoggerFactory.java:268)
	at org.slf4j.LoggerFactory.getLogger(LoggerFactory.java:241)
	at org.slf4j.LoggerFactory.getLogger(LoggerFactory.java:254)
	at org.hibernate.cfg.Configuration.&lt;clinit&gt;(Configuration.java:165)
	at org.hibernate.ejb.Ejb3Configuration.&lt;clinit&gt;(Ejb3Configuration.java:128)
	at org.hibernate.ejb.HibernatePersistence.createEntityManagerFactory(HibernatePersistence.java:54)
	at javax.persistence.Persistence.createEntityManagerFactory(Persistence.java:48)
	at javax.persistence.Persistence.createEntityManagerFactory(Persistence.java:32)
	at com.quanlei.test.OneToManyTest.save(OneToManyTest.java:19)
Caused by: java.lang.ClassNotFoundException: org.apache.log4j.Level
	at java.net.URLClassLoader$1.run(URLClassLoader.java:202)
	at java.security.AccessController.doPrivileged(Native Method)
	at java.net.URLClassLoader.findClass(URLClassLoader.java:190)
	at java.lang.ClassLoader.loadClass(ClassLoader.java:306)
	at sun.misc.Launcher$AppClassLoader.loadClass(Launcher.java:301)
	at java.lang.ClassLoader.loadClass(ClassLoader.java:247)
</error>
  </testcase>
  <testcase classname="com.quanlei.test.OneToManyTest" name="getOrder" time="0.0030">
    <error message="Could not initialize class org.hibernate.ejb.Ejb3Configuration" type="java.lang.NoClassDefFoundError">java.lang.NoClassDefFoundError: Could not initialize class org.hibernate.ejb.Ejb3Configuration
	at org.hibernate.ejb.HibernatePersistence.createEntityManagerFactory(HibernatePersistence.java:54)
	at javax.persistence.Persistence.createEntityManagerFactory(Persistence.java:48)
	at javax.persistence.Persistence.createEntityManagerFactory(Persistence.java:32)
	at com.quanlei.test.OneToManyTest.getOrder(OneToManyTest.java:40)
</error>
  </testcase>
  <testcase classname="com.quanlei.test.OneToManyTest" name="getOrderItemsByOrder" time="0.066">
    <error message="Could not initialize class org.hibernate.ejb.Ejb3Configuration" type="java.lang.NoClassDefFoundError">java.lang.NoClassDefFoundError: Could not initialize class org.hibernate.ejb.Ejb3Configuration
	at org.hibernate.ejb.HibernatePersistence.createEntityManagerFactory(HibernatePersistence.java:54)
	at javax.persistence.Persistence.createEntityManagerFactory(Persistence.java:48)
	at javax.persistence.Persistence.createEntityManagerFactory(Persistence.java:32)
	at com.quanlei.test.OneToManyTest.getOrderItemsByOrder(OneToManyTest.java:53)
</error>
  </testcase>
  <testcase classname="com.quanlei.test.OneToManyTest" name="getOrderItems" time="0.0030">
    <error message="Could not initialize class org.hibernate.ejb.Ejb3Configuration" type="java.lang.NoClassDefFoundError">java.lang.NoClassDefFoundError: Could not initialize class org.hibernate.ejb.Ejb3Configuration
	at org.hibernate.ejb.HibernatePersistence.createEntityManagerFactory(HibernatePersistence.java:54)
	at javax.persistence.Persistence.createEntityManagerFactory(Persistence.java:48)
	at javax.persistence.Persistence.createEntityManagerFactory(Persistence.java:32)
	at com.quanlei.test.OneToManyTest.getOrderItems(OneToManyTest.java:67)
</error>
  </testcase>
  <testcase classname="com.quanlei.test.OneToManyTest" name="updateOrder" time="0.016">
    <error message="Could not initialize class org.hibernate.ejb.Ejb3Configuration" type="java.lang.NoClassDefFoundError">java.lang.NoClassDefFoundError: Could not initialize class org.hibernate.ejb.Ejb3Configuration
	at org.hibernate.ejb.HibernatePersistence.createEntityManagerFactory(HibernatePersistence.java:54)
	at javax.persistence.Persistence.createEntityManagerFactory(Persistence.java:48)
	at javax.persistence.Persistence.createEntityManagerFactory(Persistence.java:32)
	at com.quanlei.test.OneToManyTest.updateOrder(OneToManyTest.java:80)
</error>
  </testcase>
  <testcase classname="com.quanlei.test.OneToManyTest" name="updateOrderCascade" time="0.0020">
    <error message="Could not initialize class org.hibernate.ejb.Ejb3Configuration" type="java.lang.NoClassDefFoundError">java.lang.NoClassDefFoundError: Could not initialize class org.hibernate.ejb.Ejb3Configuration
	at org.hibernate.ejb.HibernatePersistence.createEntityManagerFactory(HibernatePersistence.java:54)
	at javax.persistence.Persistence.createEntityManagerFactory(Persistence.java:48)
	at javax.persistence.Persistence.createEntityManagerFactory(Persistence.java:32)
	at com.quanlei.test.OneToManyTest.updateOrderCascade(OneToManyTest.java:93)
</error>
  </testcase>
  <testcase classname="com.quanlei.test.OneToManyTest" name="deleteOrder" time="0.0020">
    <error message="Could not initialize class org.hibernate.ejb.Ejb3Configuration" type="java.lang.NoClassDefFoundError">java.lang.NoClassDefFoundError: Could not initialize class org.hibernate.ejb.Ejb3Configuration
	at org.hibernate.ejb.HibernatePersistence.createEntityManagerFactory(HibernatePersistence.java:54)
	at javax.persistence.Persistence.createEntityManagerFactory(Persistence.java:48)
	at javax.persistence.Persistence.createEntityManagerFactory(Persistence.java:32)
	at com.quanlei.test.OneToManyTest.deleteOrder(OneToManyTest.java:109)
</error>
  </testcase>
  <system-out><![CDATA[]]></system-out>
  <system-err><![CDATA[Failed to instantiate SLF4J LoggerFactory
Reported exception:
java.lang.NoClassDefFoundError: org/apache/log4j/Level
	at org.slf4j.LoggerFactory.bind(LoggerFactory.java:121)
	at org.slf4j.LoggerFactory.performInitialization(LoggerFactory.java:111)
	at org.slf4j.LoggerFactory.getILoggerFactory(LoggerFactory.java:268)
	at org.slf4j.LoggerFactory.getLogger(LoggerFactory.java:241)
	at org.slf4j.LoggerFactory.getLogger(LoggerFactory.java:254)
	at org.hibernate.cfg.Configuration.<clinit>(Configuration.java:165)
	at org.hibernate.ejb.Ejb3Configuration.<clinit>(Ejb3Configuration.java:128)
	at org.hibernate.ejb.HibernatePersistence.createEntityManagerFactory(HibernatePersistence.java:54)
	at javax.persistence.Persistence.createEntityManagerFactory(Persistence.java:48)
	at javax.persistence.Persistence.createEntityManagerFactory(Persistence.java:32)
	at com.quanlei.test.OneToManyTest.save(OneToManyTest.java:19)
	at sun.reflect.NativeMethodAccessorImpl.invoke0(Native Method)
	at sun.reflect.NativeMethodAccessorImpl.invoke(NativeMethodAccessorImpl.java:39)
	at sun.reflect.DelegatingMethodAccessorImpl.invoke(DelegatingMethodAccessorImpl.java:25)
	at java.lang.reflect.Method.invoke(Method.java:597)
	at org.junit.runners.model.FrameworkMethod$1.runReflectiveCall(FrameworkMethod.java:44)
	at org.junit.internal.runners.model.ReflectiveCallable.run(ReflectiveCallable.java:15)
	at org.junit.runners.model.FrameworkMethod.invokeExplosively(FrameworkMethod.java:41)
	at org.junit.internal.runners.statements.InvokeMethod.evaluate(InvokeMethod.java:20)
	at org.junit.runners.BlockJUnit4ClassRunner.runNotIgnored(BlockJUnit4ClassRunner.java:79)
	at org.junit.runners.BlockJUnit4ClassRunner.runChild(BlockJUnit4ClassRunner.java:71)
	at org.junit.runners.BlockJUnit4ClassRunner.runChild(BlockJUnit4ClassRunner.java:49)
	at org.junit.runners.ParentRunner$3.run(ParentRunner.java:193)
	at org.junit.runners.ParentRunner$1.schedule(ParentRunner.java:52)
	at org.junit.runners.ParentRunner.runChildren(ParentRunner.java:191)
	at org.junit.runners.ParentRunner.access$000(ParentRunner.java:42)
	at org.junit.runners.ParentRunner$2.evaluate(ParentRunner.java:184)
	at org.junit.internal.runners.statements.RunBefores.evaluate(RunBefores.java:28)
	at org.junit.runners.ParentRunner.run(ParentRunner.java:236)
	at junit.framework.JUnit4TestAdapter.run(JUnit4TestAdapter.java:39)
	at org.apache.tools.ant.taskdefs.optional.junit.JUnitTestRunner.run(JUnitTestRunner.java:518)
	at org.apache.tools.ant.taskdefs.optional.junit.JUnitTestRunner.launch(JUnitTestRunner.java:1052)
	at org.apache.tools.ant.taskdefs.optional.junit.JUnitTestRunner.main(JUnitTestRunner.java:906)
Caused by: java.lang.ClassNotFoundException: org.apache.log4j.Level
	at java.net.URLClassLoader$1.run(URLClassLoader.java:202)
	at java.security.AccessController.doPrivileged(Native Method)
	at java.net.URLClassLoader.findClass(URLClassLoader.java:190)
	at java.lang.ClassLoader.loadClass(ClassLoader.java:306)
	at sun.misc.Launcher$AppClassLoader.loadClass(Launcher.java:301)
	at java.lang.ClassLoader.loadClass(ClassLoader.java:247)
	... 33 more
]]></system-err>
</testsuite>
